2022-08-01 15:55:54.652  INFO [PersonalDetailService,,] 7256 --- [restartedMain] com.wipro.PersonalDetailMicroservice     : Starting PersonalDetailMicroservice using Java 18.0.1 on DESKTOP-BO9HASB with PID 7256 (E:\Check\New-PensionManagementSystem-master\pensioner-detail-microservice\target\classes started by Shivansh Tiwari in E:\Check\New-PensionManagementSystem-master\pensioner-detail-microservice)
2022-08-01 15:55:54.671  INFO [PersonalDetailService,,] 7256 --- [restartedMain] com.wipro.PersonalDetailMicroservice     : No active profile set, falling back to default profiles: default
2022-08-01 15:55:54.893  INFO [PersonalDetailService,,] 7256 --- [restartedMain] .e.DevToolsPropertyDefaultsPostProcessor : Devtools property defaults active! Set 'spring.devtools.add-properties' to 'false' to disable
2022-08-01 15:55:54.894  INFO [PersonalDetailService,,] 7256 --- [restartedMain] .e.DevToolsPropertyDefaultsPostProcessor : For additional web related logging consider setting the 'logging.level.web' property to 'DEBUG'
2022-08-01 15:55:56.601  INFO [PersonalDetailService,,] 7256 --- [restartedMain] .s.d.r.c.RepositoryConfigurationDelegate : Bootstrapping Spring Data JPA repositories in DEFAULT mode.
2022-08-01 15:55:56.737  INFO [PersonalDetailService,,] 7256 --- [restartedMain] .s.d.r.c.RepositoryConfigurationDelegate : Finished Spring Data repository scanning in 119 ms. Found 1 JPA repository interfaces.
2022-08-01 15:55:57.921  INFO [PersonalDetailService,,] 7256 --- [restartedMain] o.s.cloud.context.scope.GenericScope     : BeanFactory id=cd7d858d-e603-3f0b-8180-f811fa3700c0
2022-08-01 15:56:00.319  INFO [PersonalDetailService,,] 7256 --- [restartedMain] o.s.b.w.embedded.tomcat.TomcatWebServer  : Tomcat initialized with port(s): 8091 (http)
2022-08-01 15:56:00.337  INFO [PersonalDetailService,,] 7256 --- [restartedMain] o.apache.catalina.core.StandardService   : Starting service [Tomcat]
2022-08-01 15:56:00.338  INFO [PersonalDetailService,,] 7256 --- [restartedMain] org.apache.catalina.core.StandardEngine  : Starting Servlet engine: [Apache Tomcat/9.0.50]
2022-08-01 15:56:00.545  INFO [PersonalDetailService,,] 7256 --- [restartedMain] o.a.c.c.C.[Tomcat].[localhost].[/]       : Initializing Spring embedded WebApplicationContext
2022-08-01 15:56:00.545  INFO [PersonalDetailService,,] 7256 --- [restartedMain] w.s.c.ServletWebServerApplicationContext : Root WebApplicationContext: initialization completed in 5649 ms
2022-08-01 15:56:00.684  INFO [PersonalDetailService,,] 7256 --- [restartedMain] com.zaxxer.hikari.HikariDataSource       : HikariPool-1 - Starting...
2022-08-01 15:56:00.975  INFO [PersonalDetailService,,] 7256 --- [restartedMain] com.zaxxer.hikari.HikariDataSource       : HikariPool-1 - Start completed.
2022-08-01 15:56:00.985  INFO [PersonalDetailService,,] 7256 --- [restartedMain] o.s.b.a.h2.H2ConsoleAutoConfiguration    : H2 console available at '/h2-console'. Database available at 'jdbc:h2:mem:testDB'
2022-08-01 15:56:01.664  WARN [PersonalDetailService,,] 7256 --- [restartedMain] o.s.c.s.a.z.ZipkinAutoConfiguration      : Check result of the [RestTemplateSender{http://localhost:9411/api/v2/spans}] contains an error [CheckResult{ok=false, error=org.springframework.web.client.ResourceAccessException: I/O error on POST request for "http://localhost:9411/api/v2/spans": Connection refused: no further information; nested exception is java.net.ConnectException: Connection refused: no further information}]
2022-08-01 15:56:02.104  INFO [PersonalDetailService,,] 7256 --- [restartedMain] o.hibernate.jpa.internal.util.LogHelper  : HHH000204: Processing PersistenceUnitInfo [name: default]
2022-08-01 15:56:02.200  INFO [PersonalDetailService,,] 7256 --- [restartedMain] org.hibernate.Version                    : HHH000412: Hibernate ORM core version 5.4.32.Final
2022-08-01 15:56:02.483  INFO [PersonalDetailService,,] 7256 --- [restartedMain] o.hibernate.annotations.common.Version   : HCANN000001: Hibernate Commons Annotations {5.1.2.Final}
2022-08-01 15:56:02.807  INFO [PersonalDetailService,,] 7256 --- [restartedMain] org.hibernate.dialect.Dialect            : HHH000400: Using dialect: org.hibernate.dialect.H2Dialect
2022-08-01 15:56:03.796  INFO [PersonalDetailService,,] 7256 --- [restartedMain] o.h.e.t.j.p.i.JtaPlatformInitiator       : HHH000490: Using JtaPlatform implementation: [org.hibernate.engine.transaction.jta.platform.internal.NoJtaPlatform]
2022-08-01 15:56:03.823  INFO [PersonalDetailService,,] 7256 --- [restartedMain] j.LocalContainerEntityManagerFactoryBean : Initialized JPA EntityManagerFactory for persistence unit 'default'
2022-08-01 15:56:03.903  INFO [PersonalDetailService,,] 7256 --- [restartedMain] o.s.b.d.a.OptionalLiveReloadServer       : LiveReload server is running on port 35729
2022-08-01 15:56:04.677  WARN [PersonalDetailService,,] 7256 --- [restartedMain] JpaBaseConfiguration$JpaWebConfiguration : spring.jpa.open-in-view is enabled by default. Therefore, database queries may be performed during view rendering. Explicitly configure spring.jpa.open-in-view to disable this warning
2022-08-01 15:56:07.139  INFO [PersonalDetailService,,] 7256 --- [restartedMain] o.s.b.w.embedded.tomcat.TomcatWebServer  : Tomcat started on port(s): 8091 (http) with context path ''
2022-08-01 15:56:07.764  INFO [PersonalDetailService,,] 7256 --- [restartedMain] com.wipro.PersonalDetailMicroservice     : Started PersonalDetailMicroservice in 15.067 seconds (JVM running for 16.927)
2022-08-01 15:57:34.422  INFO [PersonalDetailService,,] 7256 --- [Thread-6] j.LocalContainerEntityManagerFactoryBean : Closing JPA EntityManagerFactory for persistence unit 'default'
2022-08-01 15:57:34.646  WARN [PersonalDetailService,,] 7256 --- [Thread-6] o.s.b.f.support.DisposableBeanAdapter    : Invocation of destroy method failed on bean with name 'inMemoryDatabaseShutdownExecutor': org.h2.jdbc.JdbcSQLNonTransientConnectionException: Database is already closed (to disable automatic closing at VM shutdown, add ";DB_CLOSE_ON_EXIT=FALSE" to the db URL) [90121-200]
2022-08-01 15:57:35.667  INFO [PersonalDetailService,,] 7256 --- [Thread-6] com.zaxxer.hikari.HikariDataSource       : HikariPool-1 - Shutdown initiated...
2022-08-01 15:57:35.674  INFO [PersonalDetailService,,] 7256 --- [Thread-6] com.zaxxer.hikari.HikariDataSource       : HikariPool-1 - Shutdown completed.
2022-08-01 15:57:37.215  INFO [PersonalDetailService,,] 7256 --- [restartedMain] com.wipro.PersonalDetailMicroservice     : Starting PersonalDetailMicroservice using Java 18.0.1 on DESKTOP-BO9HASB with PID 7256 (E:\Check\New-PensionManagementSystem-master\pensioner-detail-microservice\target\classes started by Shivansh Tiwari in E:\Check\New-PensionManagementSystem-master\pensioner-detail-microservice)
2022-08-01 15:57:37.217  INFO [PersonalDetailService,,] 7256 --- [restartedMain] com.wipro.PersonalDetailMicroservice     : No active profile set, falling back to default profiles: default
2022-08-01 15:57:37.887  INFO [PersonalDetailService,,] 7256 --- [restartedMain] .s.d.r.c.RepositoryConfigurationDelegate : Bootstrapping Spring Data JPA repositories in DEFAULT mode.
2022-08-01 15:57:37.907  INFO [PersonalDetailService,,] 7256 --- [restartedMain] .s.d.r.c.RepositoryConfigurationDelegate : Finished Spring Data repository scanning in 18 ms. Found 1 JPA repository interfaces.
2022-08-01 15:57:38.082  INFO [PersonalDetailService,,] 7256 --- [restartedMain] o.s.cloud.context.scope.GenericScope     : BeanFactory id=cd7d858d-e603-3f0b-8180-f811fa3700c0
2022-08-01 15:57:38.295  INFO [PersonalDetailService,,] 7256 --- [restartedMain] o.s.b.w.embedded.tomcat.TomcatWebServer  : Tomcat initialized with port(s): 8091 (http)
2022-08-01 15:57:38.298  INFO [PersonalDetailService,,] 7256 --- [restartedMain] o.apache.catalina.core.StandardService   : Starting service [Tomcat]
2022-08-01 15:57:38.298  INFO [PersonalDetailService,,] 7256 --- [restartedMain] org.apache.catalina.core.StandardEngine  : Starting Servlet engine: [Apache Tomcat/9.0.50]
2022-08-01 15:57:38.349  INFO [PersonalDetailService,,] 7256 --- [restartedMain] o.a.c.c.C.[Tomcat].[localhost].[/]       : Initializing Spring embedded WebApplicationContext
2022-08-01 15:57:38.349  INFO [PersonalDetailService,,] 7256 --- [restartedMain] w.s.c.ServletWebServerApplicationContext : Root WebApplicationContext: initialization completed in 1118 ms
2022-08-01 15:57:38.399  INFO [PersonalDetailService,,] 7256 --- [restartedMain] com.zaxxer.hikari.HikariDataSource       : HikariPool-2 - Starting...
2022-08-01 15:57:38.403  INFO [PersonalDetailService,,] 7256 --- [restartedMain] com.zaxxer.hikari.HikariDataSource       : HikariPool-2 - Start completed.
2022-08-01 15:57:38.404  INFO [PersonalDetailService,,] 7256 --- [restartedMain] o.s.b.a.h2.H2ConsoleAutoConfiguration    : H2 console available at '/h2-console'. Database available at 'jdbc:h2:mem:testDB'
2022-08-01 15:57:38.620  WARN [PersonalDetailService,,] 7256 --- [restartedMain] o.s.c.s.a.z.ZipkinAutoConfiguration      : Check result of the [RestTemplateSender{http://localhost:9411/api/v2/spans}] contains an error [CheckResult{ok=false, error=org.springframework.web.client.ResourceAccessException: I/O error on POST request for "http://localhost:9411/api/v2/spans": Connection refused: no further information; nested exception is java.net.ConnectException: Connection refused: no further information}]
2022-08-01 15:57:38.734  INFO [PersonalDetailService,,] 7256 --- [restartedMain] o.hibernate.jpa.internal.util.LogHelper  : HHH000204: Processing PersistenceUnitInfo [name: default]
2022-08-01 15:57:38.743  INFO [PersonalDetailService,,] 7256 --- [restartedMain] org.hibernate.dialect.Dialect            : HHH000400: Using dialect: org.hibernate.dialect.H2Dialect
2022-08-01 15:57:38.827  INFO [PersonalDetailService,,] 7256 --- [restartedMain] o.h.e.t.j.p.i.JtaPlatformInitiator       : HHH000490: Using JtaPlatform implementation: [org.hibernate.engine.transaction.jta.platform.internal.NoJtaPlatform]
2022-08-01 15:57:38.829  INFO [PersonalDetailService,,] 7256 --- [restartedMain] j.LocalContainerEntityManagerFactoryBean : Initialized JPA EntityManagerFactory for persistence unit 'default'
2022-08-01 15:57:38.857  INFO [PersonalDetailService,,] 7256 --- [restartedMain] o.s.b.d.a.OptionalLiveReloadServer       : LiveReload server is running on port 35729
2022-08-01 15:57:39.062  WARN [PersonalDetailService,,] 7256 --- [restartedMain] JpaBaseConfiguration$JpaWebConfiguration : spring.jpa.open-in-view is enabled by default. Therefore, database queries may be performed during view rendering. Explicitly configure spring.jpa.open-in-view to disable this warning
2022-08-01 15:57:40.745  INFO [PersonalDetailService,,] 7256 --- [restartedMain] o.s.b.w.embedded.tomcat.TomcatWebServer  : Tomcat started on port(s): 8091 (http) with context path ''
2022-08-01 15:57:41.415  INFO [PersonalDetailService,,] 7256 --- [restartedMain] com.wipro.PersonalDetailMicroservice     : Started PersonalDetailMicroservice in 5.504 seconds (JVM running for 110.578)
2022-08-01 15:57:41.419  INFO [PersonalDetailService,,] 7256 --- [restartedMain] .ConditionEvaluationDeltaLoggingListener : Condition evaluation unchanged
2022-08-01 16:01:58.154  INFO [PersonalDetailService,,] 7256 --- [http-nio-8091-exec-1] o.a.c.c.C.[Tomcat].[localhost].[/]       : Initializing Spring DispatcherServlet 'dispatcherServlet'
2022-08-01 16:01:58.156  INFO [PersonalDetailService,,] 7256 --- [http-nio-8091-exec-1] o.s.web.servlet.DispatcherServlet        : Initializing Servlet 'dispatcherServlet'
2022-08-01 16:01:58.170  INFO [PersonalDetailService,,] 7256 --- [http-nio-8091-exec-1] o.s.web.servlet.DispatcherServlet        : Completed initialization in 11 ms
2022-08-01 16:01:59.558  WARN [PersonalDetailService,,] 7256 --- [AsyncReporter{RestTemplateSender{http://localhost:9411/api/v2/spans}}] z.r.AsyncReporter$BoundedAsyncReporter   : Spans were dropped due to exceptions. All subsequent errors will be logged at FINE level.
2022-08-01 16:01:59.586  WARN [PersonalDetailService,,] 7256 --- [AsyncReporter{RestTemplateSender{http://localhost:9411/api/v2/spans}}] z.r.AsyncReporter$BoundedAsyncReporter   : Dropped 1 spans due to ResourceAccessException(I/O error on POST request for "http://localhost:9411/api/v2/spans": Connection refused: no further information; nested exception is java.net.ConnectException: Connection refused: no further information)

org.springframework.web.client.ResourceAccessException: I/O error on POST request for "http://localhost:9411/api/v2/spans": Connection refused: no further information; nested exception is java.net.ConnectException: Connection refused: no further information
	at org.springframework.web.client.RestTemplate.doExecute(RestTemplate.java:785) ~[spring-web-5.3.9.jar:5.3.9]
	at org.springframework.cloud.sleuth.zipkin2.ZipkinRestTemplateWrapper.doExecute(ZipkinRestTemplateWrapper.java:69) ~[spring-cloud-sleuth-zipkin-3.0.3.jar:3.0.3]
	at org.springframework.web.client.RestTemplate.exchange(RestTemplate.java:660) ~[spring-web-5.3.9.jar:5.3.9]
	at org.springframework.cloud.sleuth.zipkin2.RestTemplateSender.post(RestTemplateSender.java:151) ~[spring-cloud-sleuth-zipkin-3.0.3.jar:3.0.3]
	at org.springframework.cloud.sleuth.zipkin2.RestTemplateSender$HttpPostCall.doExecute(RestTemplateSender.java:169) ~[spring-cloud-sleuth-zipkin-3.0.3.jar:3.0.3]
	at org.springframework.cloud.sleuth.zipkin2.RestTemplateSender$HttpPostCall.doExecute(RestTemplateSender.java:159) ~[spring-cloud-sleuth-zipkin-3.0.3.jar:3.0.3]
	at zipkin2.Call$Base.execute(Call.java:391) ~[zipkin-2.23.0.jar:na]
	at zipkin2.reporter.AsyncReporter$BoundedAsyncReporter.flush(AsyncReporter.java:299) ~[zipkin-reporter-2.16.1.jar:na]
	at zipkin2.reporter.AsyncReporter$Flusher.run(AsyncReporter.java:378) ~[zipkin-reporter-2.16.1.jar:na]
	at java.base/java.lang.Thread.run(Thread.java:833) ~[na:na]
Caused by: java.net.ConnectException: Connection refused: no further information
	at java.base/sun.nio.ch.Net.pollConnect(Native Method) ~[na:na]
	at java.base/sun.nio.ch.Net.pollConnectNow(Net.java:672) ~[na:na]
	at java.base/sun.nio.ch.NioSocketImpl.timedFinishConnect(NioSocketImpl.java:539) ~[na:na]
	at java.base/sun.nio.ch.NioSocketImpl.connect(NioSocketImpl.java:594) ~[na:na]
	at java.base/java.net.Socket.connect(Socket.java:633) ~[na:na]
	at java.base/sun.net.NetworkClient.doConnect(NetworkClient.java:178) ~[na:na]
	at java.base/sun.net.www.http.HttpClient.openServer(HttpClient.java:498) ~[na:na]
	at java.base/sun.net.www.http.HttpClient.openServer(HttpClient.java:603) ~[na:na]
	at java.base/sun.net.www.http.HttpClient.<init>(HttpClient.java:246) ~[na:na]
	at java.base/sun.net.www.http.HttpClient.New(HttpClient.java:351) ~[na:na]
	at java.base/sun.net.www.http.HttpClient.New(HttpClient.java:373) ~[na:na]
	at java.base/sun.net.www.protocol.http.HttpURLConnection.getNewHttpClient(HttpURLConnection.java:1309) ~[na:na]
	at java.base/sun.net.www.protocol.http.HttpURLConnection.plainConnect0(HttpURLConnection.java:1242) ~[na:na]
	at java.base/sun.net.www.protocol.http.HttpURLConnection.plainConnect(HttpURLConnection.java:1128) ~[na:na]
	at java.base/sun.net.www.protocol.http.HttpURLConnection.connect(HttpURLConnection.java:1057) ~[na:na]
	at org.springframework.http.client.SimpleBufferingClientHttpRequest.executeInternal(SimpleBufferingClientHttpRequest.java:76) ~[spring-web-5.3.9.jar:5.3.9]
	at org.springframework.http.client.AbstractBufferingClientHttpRequest.executeInternal(AbstractBufferingClientHttpRequest.java:48) ~[spring-web-5.3.9.jar:5.3.9]
	at org.springframework.http.client.AbstractClientHttpRequest.execute(AbstractClientHttpRequest.java:66) ~[spring-web-5.3.9.jar:5.3.9]
	at org.springframework.web.client.RestTemplate.doExecute(RestTemplate.java:776) ~[spring-web-5.3.9.jar:5.3.9]
	... 9 common frames omitted

2022-08-01 16:05:27.108  INFO [PersonalDetailService,,] 7256 --- [Thread-10] j.LocalContainerEntityManagerFactoryBean : Closing JPA EntityManagerFactory for persistence unit 'default'
2022-08-01 16:05:27.317  WARN [PersonalDetailService,,] 7256 --- [Thread-10] o.s.b.f.support.DisposableBeanAdapter    : Invocation of destroy method failed on bean with name 'inMemoryDatabaseShutdownExecutor': org.h2.jdbc.JdbcSQLNonTransientConnectionException: Database is already closed (to disable automatic closing at VM shutdown, add ";DB_CLOSE_ON_EXIT=FALSE" to the db URL) [90121-200]
2022-08-01 16:05:27.380  INFO [PersonalDetailService,,] 7256 --- [Thread-10] com.zaxxer.hikari.HikariDataSource       : HikariPool-2 - Shutdown initiated...
2022-08-01 16:05:27.383  INFO [PersonalDetailService,,] 7256 --- [Thread-10] com.zaxxer.hikari.HikariDataSource       : HikariPool-2 - Shutdown completed.
